<?xml version="1.0" encoding="UTF-8"?>
<!-- Generated by org.testng.reporters.JUnitReportReporter -->
<testsuite hostname="INMAAWN53001205" failures="0" tests="3" name="com.test.runner.CucumberRunnerClass" time="24.441" errors="0" timestamp="2021-05-11T15:07:48 IST" skipped="0">
  <testcase classname="com.test.runner.CucumberRunnerClass" name="runScenario" time="7.203"/>
  <system-out/>
  <testcase classname="com.test.runner.CucumberRunnerClass" name="runScenario" time="8.461"/>
  <system-out/>
  <testcase classname="com.test.runner.CucumberRunnerClass" name="runScenario" time="8.777"/>
  <system-out/>
</testsuite> <!-- com.test.runner.CucumberRunnerClass -->
